Starting CAP Project Generator...
Using @sap/cds-dk [9.9.1] from /extbin/globals/bun/global/install/node_modules/@sap/cds-dk
Using @sap/generator-cap-project [2.0.6] from [/extbin/globals/bun/global/install/node_modules/@sap/generator-cap-project]
Using root path [/home/user/projects]

Creating project with hana, nodejs, notifications, pipeline, sample

Adding facet: nodejs
Adding facet: sample
Adding facet: hana
Adding facet: destination
Adding facet: notifications
Adding UI5 integration to the pipeline for the detected UI5 apps...
Adding facet: pipeline

Successfully initialized CAP project
Continue with: code BTPAPP 
for information on project "Piper" and its pipelines see https://www.project-piper.io/


Installing dependencies...

added 331 packages, and audited 332 packages in 7s

44 packages are looking for funding
  run `npm fund` for details

found 0 vulnerabilities

Finished installing dependencies

Done setting up project BTPAPP
Project is ready to use

